2023-11-29 17:28:49 - IPMI Tool loaded.
2023-11-29 17:28:49 - Initialized.
2023-11-29 17:28:51 - Loaded settings.
2023-11-29 17:29:05 - Manual control engaged.
2023-11-29 17:29:06 - Automatic control engaged.
2023-11-29 17:29:08 - Start button pressed. Started making IPMI requests.
2023-11-29 17:29:08 - Raw Sensor List Output:
2023-11-29 17:29:08 - 
2023-11-29 17:29:08 - Raw Sensor List Output:
2023-11-29 17:29:08 - 
2023-11-29 17:29:08 - Raw Sensor List Output:
2023-11-29 17:29:08 - 
2023-11-29 17:29:08 - Raw Sensor List Output:
2023-11-29 17:29:08 - 
2023-11-29 17:29:08 - Raw Sensor List Output:
2023-11-29 17:29:08 - 
2023-11-29 17:29:09 - Raw Sensor List Output:
2023-11-29 17:29:09 - 
2023-11-29 17:29:09 - Raw Sensor List Output:
2023-11-29 17:29:09 - 
2023-11-29 17:29:09 - Raw Sensor List Output:
2023-11-29 17:29:09 - 
2023-11-29 17:29:09 - Raw Sensor List Output:
2023-11-29 17:29:09 - 
2023-11-29 17:29:09 - Raw Sensor List Output:
2023-11-29 17:29:09 - 
2023-11-29 17:29:09 - Raw Sensor List Output:
2023-11-29 17:29:09 - 
2023-11-29 17:29:09 - Raw Sensor List Output:
2023-11-29 17:29:09 - 
2023-11-29 17:29:09 - Raw Sensor List Output:
2023-11-29 17:29:09 - 
2023-11-29 17:29:09 - Raw Sensor List Output:
2023-11-29 17:29:09 - 
2023-11-29 17:29:09 - Raw Sensor List Output:
2023-11-29 17:29:09 - 
2023-11-29 17:29:10 - Raw Sensor List Output:
2023-11-29 17:29:10 - 
2023-11-29 17:29:10 - Raw Sensor List Output:
2023-11-29 17:29:10 - 
2023-11-29 17:29:10 - Raw Sensor List Output:
2023-11-29 17:29:10 - 
2023-11-29 17:29:10 - Raw Sensor List Output:
2023-11-29 17:29:10 - 
2023-11-29 17:29:10 - Raw Sensor List Output:
2023-11-29 17:29:10 - 
2023-11-29 17:29:10 - Raw Sensor List Output:
2023-11-29 17:29:10 - 
2023-11-29 17:29:10 - Raw Sensor List Output:
2023-11-29 17:29:10 - 
2023-11-29 17:29:10 - Raw Sensor List Output:
2023-11-29 17:29:10 - 
2023-11-29 17:29:10 - Raw Sensor List Output:
2023-11-29 17:29:10 - 
2023-11-29 17:29:11 - Raw Sensor List Output:
2023-11-29 17:29:11 - 
2023-11-29 17:29:11 - Raw Sensor List Output:
2023-11-29 17:29:11 - 
2023-11-29 17:29:11 - Raw Sensor List Output:
2023-11-29 17:29:11 - 
2023-11-29 17:29:11 - Raw Sensor List Output:
2023-11-29 17:29:11 - 
2023-11-29 17:29:11 - Raw Sensor List Output:
2023-11-29 17:29:11 - 
2023-11-29 17:29:11 - Raw Sensor List Output:
2023-11-29 17:29:11 - 
2023-11-29 17:29:11 - Raw Sensor List Output:
2023-11-29 17:29:11 - 
2023-11-29 17:29:11 - Raw Sensor List Output:
2023-11-29 17:29:11 - 
2023-11-29 17:29:11 - Raw Sensor List Output:
2023-11-29 17:29:11 - 
2023-11-29 17:29:12 - Raw Sensor List Output:
2023-11-29 17:29:12 - 
2023-11-29 17:29:12 - Raw Sensor List Output:
2023-11-29 17:29:12 - 
2023-11-29 17:29:12 - Raw Sensor List Output:
2023-11-29 17:29:12 - 
2023-11-29 17:29:12 - Raw Sensor List Output:
2023-11-29 17:29:12 - 
2023-11-29 17:29:12 - Raw Sensor List Output:
2023-11-29 17:29:12 - 
2023-11-29 17:29:12 - Raw Sensor List Output:
2023-11-29 17:29:12 - 
2023-11-29 17:29:12 - Raw Sensor List Output:
2023-11-29 17:29:12 - 
2023-11-29 17:29:12 - Raw Sensor List Output:
2023-11-29 17:29:12 - 
2023-11-29 17:29:12 - Raw Sensor List Output:
2023-11-29 17:29:12 - 
2023-11-29 17:29:12 - Raw Sensor List Output:
2023-11-29 17:29:12 - 
2023-11-29 17:29:13 - Raw Sensor List Output:
2023-11-29 17:29:13 - 
2023-11-29 17:29:13 - Raw Sensor List Output:
2023-11-29 17:29:13 - 
2023-11-29 17:29:13 - Raw Sensor List Output:
2023-11-29 17:29:13 - 
2023-11-29 17:29:13 - Raw Sensor List Output:
2023-11-29 17:29:13 - 
2023-11-29 17:29:13 - Raw Sensor List Output:
2023-11-29 17:29:13 - 
2023-11-29 17:29:13 - Raw Sensor List Output:
2023-11-29 17:29:13 - 
2023-11-29 17:29:13 - Raw Sensor List Output:
2023-11-29 17:29:13 - 
2023-11-29 17:29:13 - Raw Sensor List Output:
2023-11-29 17:29:13 - 
2023-11-29 17:29:13 - Raw Sensor List Output:
2023-11-29 17:29:13 - 
2023-11-29 17:29:14 - Raw Sensor List Output:
2023-11-29 17:29:14 - 
2023-11-29 17:29:14 - Raw Sensor List Output:
2023-11-29 17:29:14 - 
2023-11-29 17:29:14 - Raw Sensor List Output:
2023-11-29 17:29:14 - 
2023-11-29 17:29:14 - Raw Sensor List Output:
2023-11-29 17:29:14 - 
2023-11-29 17:29:14 - Raw Sensor List Output:
2023-11-29 17:29:14 - 
2023-11-29 17:29:14 - Raw Sensor List Output:
2023-11-29 17:29:14 - 
2023-11-29 17:29:14 - Raw Sensor List Output:
2023-11-29 17:29:14 - 
2023-11-29 17:29:14 - Raw Sensor List Output:
2023-11-29 17:29:14 - 
2023-11-29 17:29:14 - Raw Sensor List Output:
2023-11-29 17:29:14 - 
2023-11-29 17:29:15 - Raw Sensor List Output:
2023-11-29 17:29:15 - 
2023-11-29 17:29:15 - Raw Sensor List Output:
2023-11-29 17:29:15 - 
2023-11-29 17:29:15 - Raw Sensor List Output:
2023-11-29 17:29:15 - 
2023-11-29 17:29:15 - Raw Sensor List Output:
2023-11-29 17:29:15 - 
2023-11-29 17:29:15 - Raw Sensor List Output:
2023-11-29 17:29:15 - 
2023-11-29 17:29:15 - Raw Sensor List Output:
2023-11-29 17:29:15 - 
2023-11-29 17:29:15 - Raw Sensor List Output:
2023-11-29 17:29:15 - 
2023-11-29 17:29:15 - Raw Sensor List Output:
2023-11-29 17:29:15 - 
2023-11-29 17:29:15 - Raw Sensor List Output:
2023-11-29 17:29:15 - 
2023-11-29 17:29:16 - Raw Sensor List Output:
2023-11-29 17:29:16 - 
2023-11-29 17:29:16 - Raw Sensor List Output:
2023-11-29 17:29:16 - 
2023-11-29 17:29:16 - Raw Sensor List Output:
2023-11-29 17:29:16 - 
2023-11-29 17:29:16 - Raw Sensor List Output:
2023-11-29 17:29:16 - 
2023-11-29 17:29:16 - Raw Sensor List Output:
2023-11-29 17:29:16 - 
2023-11-29 17:29:16 - Raw Sensor List Output:
2023-11-29 17:29:16 - 
2023-11-29 17:29:16 - Raw Sensor List Output:
2023-11-29 17:29:16 - 
2023-11-29 17:29:16 - Raw Sensor List Output:
2023-11-29 17:29:16 - 
2023-11-29 17:29:17 - Raw Sensor List Output:
2023-11-29 17:29:17 - 
2023-11-29 17:29:17 - Raw Sensor List Output:
2023-11-29 17:29:17 - 
2023-11-29 17:29:17 - Raw Sensor List Output:
2023-11-29 17:29:17 - 
2023-11-29 17:29:17 - Raw Sensor List Output:
2023-11-29 17:29:17 - 
2023-11-29 17:29:17 - Raw Sensor List Output:
2023-11-29 17:29:17 - 
2023-11-29 17:29:17 - Raw Sensor List Output:
2023-11-29 17:29:17 - 
2023-11-29 17:29:17 - Raw Sensor List Output:
2023-11-29 17:29:17 - 
2023-11-29 17:29:17 - Raw Sensor List Output:
2023-11-29 17:29:17 - 
2023-11-29 17:29:17 - Raw Sensor List Output:
2023-11-29 17:29:17 - 
2023-11-29 17:29:18 - Raw Sensor List Output:
2023-11-29 17:29:18 - 
2023-11-29 17:29:18 - Raw Sensor List Output:
2023-11-29 17:29:18 - 
2023-11-29 17:29:18 - Raw Sensor List Output:
2023-11-29 17:29:18 - 
2023-11-29 17:29:18 - Raw Sensor List Output:
2023-11-29 17:29:18 - 
2023-11-29 17:29:18 - Raw Sensor List Output:
2023-11-29 17:29:18 - 
2023-11-29 17:29:18 - Raw Sensor List Output:
2023-11-29 17:29:18 - 
2023-11-29 17:29:18 - Raw Sensor List Output:
2023-11-29 17:29:18 - 
2023-11-29 17:29:18 - Raw Sensor List Output:
2023-11-29 17:29:18 - 
2023-11-29 17:29:18 - Raw Sensor List Output:
2023-11-29 17:29:18 - 
2023-11-29 17:29:19 - Raw Sensor List Output:
2023-11-29 17:29:19 - 
2023-11-29 17:29:19 - Raw Sensor List Output:
2023-11-29 17:29:19 - 
2023-11-29 17:29:19 - Raw Sensor List Output:
2023-11-29 17:29:19 - 
2023-11-29 17:29:19 - Raw Sensor List Output:
2023-11-29 17:29:19 - 
2023-11-29 17:29:19 - Raw Sensor List Output:
2023-11-29 17:29:19 - 
2023-11-29 17:29:19 - Raw Sensor List Output:
2023-11-29 17:29:19 - 
2023-11-29 17:29:19 - Raw Sensor List Output:
2023-11-29 17:29:19 - 
2023-11-29 17:29:19 - Raw Sensor List Output:
2023-11-29 17:29:19 - 
2023-11-29 17:29:19 - Raw Sensor List Output:
2023-11-29 17:29:19 - 
2023-11-29 17:29:20 - Raw Sensor List Output:
2023-11-29 17:29:20 - 
2023-11-29 17:29:20 - Raw Sensor List Output:
2023-11-29 17:29:20 - 
2023-11-29 17:29:20 - Raw Sensor List Output:
2023-11-29 17:29:20 - 
2023-11-29 17:29:20 - Raw Sensor List Output:
2023-11-29 17:29:20 - 
2023-11-29 17:29:20 - Raw Sensor List Output:
2023-11-29 17:29:20 - 
2023-11-29 17:29:20 - Raw Sensor List Output:
2023-11-29 17:29:20 - 
2023-11-29 17:29:20 - Raw Sensor List Output:
2023-11-29 17:29:20 - 
2023-11-29 17:29:20 - Raw Sensor List Output:
2023-11-29 17:29:20 - 
2023-11-29 17:29:20 - Raw Sensor List Output:
2023-11-29 17:29:20 - 
2023-11-29 17:29:21 - Raw Sensor List Output:
2023-11-29 17:29:21 - 
2023-11-29 17:29:21 - Raw Sensor List Output:
2023-11-29 17:29:21 - 
2023-11-29 17:29:21 - Raw Sensor List Output:
2023-11-29 17:29:21 - 
2023-11-29 17:29:21 - Raw Sensor List Output:
2023-11-29 17:29:21 - 
2023-11-29 17:29:21 - Raw Sensor List Output:
2023-11-29 17:29:21 - 
2023-11-29 17:29:21 - Raw Sensor List Output:
2023-11-29 17:29:21 - 
2023-11-29 17:29:21 - Raw Sensor List Output:
2023-11-29 17:29:21 - 
2023-11-29 17:29:21 - Raw Sensor List Output:
2023-11-29 17:29:21 - 
2023-11-29 17:29:21 - Raw Sensor List Output:
2023-11-29 17:29:21 - 
2023-11-29 17:29:22 - Raw Sensor List Output:
2023-11-29 17:29:22 - 
2023-11-29 17:29:22 - Raw Sensor List Output:
2023-11-29 17:29:22 - 
2023-11-29 17:29:22 - Raw Sensor List Output:
2023-11-29 17:29:22 - 
2023-11-29 17:29:22 - Raw Sensor List Output:
2023-11-29 17:29:22 - 
2023-11-29 17:29:22 - Raw Sensor List Output:
2023-11-29 17:29:22 - 
2023-11-29 17:29:22 - Raw Sensor List Output:
2023-11-29 17:29:22 - 
2023-11-29 17:29:22 - Raw Sensor List Output:
2023-11-29 17:29:22 - 
2023-11-29 17:29:22 - Raw Sensor List Output:
2023-11-29 17:29:22 - 
2023-11-29 17:29:22 - Raw Sensor List Output:
2023-11-29 17:29:22 - 
2023-11-29 17:29:22 - Raw Sensor List Output:
2023-11-29 17:29:22 - 
2023-11-29 17:29:23 - Raw Sensor List Output:
2023-11-29 17:29:23 - 
2023-11-29 17:29:23 - Raw Sensor List Output:
2023-11-29 17:29:23 - 
2023-11-29 17:29:23 - Raw Sensor List Output:
2023-11-29 17:29:23 - 
2023-11-29 17:29:23 - Raw Sensor List Output:
2023-11-29 17:29:23 - 
2023-11-29 17:29:23 - Raw Sensor List Output:
2023-11-29 17:29:23 - 
2023-11-29 17:29:23 - Raw Sensor List Output:
2023-11-29 17:29:23 - 
2023-11-29 17:29:23 - Raw Sensor List Output:
2023-11-29 17:29:23 - 
2023-11-29 17:29:23 - Raw Sensor List Output:
2023-11-29 17:29:23 - 
2023-11-29 17:29:23 - Raw Sensor List Output:
2023-11-29 17:29:23 - 
2023-11-29 17:29:23 - Raw Sensor List Output:
2023-11-29 17:29:23 - 
2023-11-29 17:29:24 - Raw Sensor List Output:
2023-11-29 17:29:24 - 
2023-11-29 17:29:24 - Raw Sensor List Output:
2023-11-29 17:29:24 - 
2023-11-29 17:29:24 - Raw Sensor List Output:
2023-11-29 17:29:24 - 
2023-11-29 17:29:24 - Raw Sensor List Output:
2023-11-29 17:29:24 - 
2023-11-29 17:29:24 - Raw Sensor List Output:
2023-11-29 17:29:24 - 
2023-11-29 17:29:24 - Raw Sensor List Output:
2023-11-29 17:29:24 - 
2023-11-29 17:29:24 - Raw Sensor List Output:
2023-11-29 17:29:24 - 
2023-11-29 17:29:24 - Raw Sensor List Output:
2023-11-29 17:29:24 - 
2023-11-29 17:29:25 - Raw Sensor List Output:
2023-11-29 17:29:25 - 
2023-11-29 17:29:25 - Raw Sensor List Output:
2023-11-29 17:29:25 - 
2023-11-29 17:29:25 - Raw Sensor List Output:
2023-11-29 17:29:25 - 
2023-11-29 17:29:25 - Raw Sensor List Output:
2023-11-29 17:29:25 - 
2023-11-29 17:29:25 - Raw Sensor List Output:
2023-11-29 17:29:25 - 
2023-11-29 17:29:25 - Raw Sensor List Output:
2023-11-29 17:29:25 - 
2023-11-29 17:29:25 - Raw Sensor List Output:
2023-11-29 17:29:25 - 
2023-11-29 17:29:25 - Raw Sensor List Output:
2023-11-29 17:29:25 - 
2023-11-29 17:29:25 - Raw Sensor List Output:
2023-11-29 17:29:25 - 
2023-11-29 17:29:26 - Stop button pressed. Refreshing stopped.
2023-11-29 17:29:26 - Raw Sensor List Output:
2023-11-29 17:29:26 - 
